mode: set
github.com/justinclev/transcribe/internal/hardener/hardener.go:16.35,17.19 1 1
github.com/justinclev/transcribe/internal/hardener/hardener.go:17.19,19.3 1 1
github.com/justinclev/transcribe/internal/hardener/hardener.go:21.2,25.22 4 1
github.com/justinclev/transcribe/internal/hardener/hardener.go:34.55,36.64 1 1
github.com/justinclev/transcribe/internal/hardener/hardener.go:36.64,38.3 1 1
github.com/justinclev/transcribe/internal/hardener/hardener.go:40.2,40.45 1 1
github.com/justinclev/transcribe/internal/hardener/hardener.go:40.45,42.3 1 1
github.com/justinclev/transcribe/internal/hardener/hardener.go:44.2,49.4 2 1
github.com/justinclev/transcribe/internal/hardener/hardener.go:58.54,59.34 1 1
github.com/justinclev/transcribe/internal/hardener/hardener.go:59.34,60.25 1 1
github.com/justinclev/transcribe/internal/hardener/hardener.go:60.25,67.4 3 1
github.com/justinclev/transcribe/internal/hardener/hardener.go:77.53,78.29 1 1
github.com/justinclev/transcribe/internal/hardener/hardener.go:78.29,87.3 3 1
github.com/justinclev/transcribe/internal/parser/parser.go:24.56,26.16 2 1
github.com/justinclev/transcribe/internal/parser/parser.go:26.16,28.3 1 1
github.com/justinclev/transcribe/internal/parser/parser.go:30.2,31.16 2 1
github.com/justinclev/transcribe/internal/parser/parser.go:31.16,33.3 1 1
github.com/justinclev/transcribe/internal/parser/parser.go:35.2,36.16 2 1
github.com/justinclev/transcribe/internal/parser/parser.go:36.16,38.3 1 1
github.com/justinclev/transcribe/internal/parser/parser.go:41.2,43.28 2 1
github.com/justinclev/transcribe/internal/parser/parser.go:62.49,64.53 2 1
github.com/justinclev/transcribe/internal/parser/parser.go:64.53,66.3 1 1
github.com/justinclev/transcribe/internal/parser/parser.go:69.2,69.25 1 1
github.com/justinclev/transcribe/internal/parser/parser.go:69.25,71.3 1 1
github.com/justinclev/transcribe/internal/parser/parser.go:72.2,72.27 1 1
github.com/justinclev/transcribe/internal/parser/parser.go:75.62,76.9 1 1
github.com/justinclev/transcribe/internal/parser/parser.go:77.39,78.26 1 1
github.com/justinclev/transcribe/internal/parser/parser.go:79.10,80.76 1 1
github.com/justinclev/transcribe/internal/parser/parser.go:102.79,104.50 2 1
github.com/justinclev/transcribe/internal/parser/parser.go:104.50,106.3 1 1
github.com/justinclev/transcribe/internal/parser/parser.go:108.2,116.40 2 1
github.com/justinclev/transcribe/internal/parser/parser.go:116.40,118.69 1 1
github.com/justinclev/transcribe/internal/parser/parser.go:118.69,119.47 1 1
github.com/justinclev/transcribe/internal/parser/parser.go:119.47,124.5 1 1
github.com/justinclev/transcribe/internal/parser/parser.go:126.4,126.12 1 1
github.com/justinclev/transcribe/internal/parser/parser.go:129.3,134.5 1 1
github.com/justinclev/transcribe/internal/parser/parser.go:137.2,137.16 1 1
github.com/justinclev/transcribe/internal/parser/parser.go:179.55,183.39 3 1
github.com/justinclev/transcribe/internal/parser/parser.go:183.39,184.44 1 1
github.com/justinclev/transcribe/internal/parser/parser.go:184.44,186.4 1 1
github.com/justinclev/transcribe/internal/parser/parser.go:188.2,188.26 1 1
github.com/justinclev/transcribe/internal/parser/parser.go:202.60,204.20 2 1
github.com/justinclev/transcribe/internal/parser/parser.go:205.24,206.48 1 1
github.com/justinclev/transcribe/internal/parser/parser.go:206.48,208.4 1 1
github.com/justinclev/transcribe/internal/parser/parser.go:209.25,210.38 1 1
github.com/justinclev/transcribe/internal/parser/parser.go:210.38,212.23 2 1
github.com/justinclev/transcribe/internal/parser/parser.go:212.23,214.5 1 1
github.com/justinclev/transcribe/internal/parser/parser.go:214.10,216.5 1 1
github.com/justinclev/transcribe/internal/parser/parser.go:218.10,219.79 1 1
github.com/justinclev/transcribe/internal/parser/parser.go:221.2,221.12 1 1
github.com/justinclev/transcribe/cmd/cli/main.go:15.13,19.22 4 0
github.com/justinclev/transcribe/cmd/cli/main.go:19.22,24.3 4 0
github.com/justinclev/transcribe/cmd/cli/main.go:25.2,27.21 2 0
github.com/justinclev/transcribe/cmd/cli/main.go:27.21,31.3 3 0
github.com/justinclev/transcribe/cmd/cli/main.go:33.2,34.11 2 0
github.com/justinclev/transcribe/cmd/cli/main.go:35.68,35.68 0 0
github.com/justinclev/transcribe/cmd/cli/main.go:37.10,39.13 2 0
github.com/justinclev/transcribe/cmd/cli/main.go:42.2,43.11 2 0
github.com/justinclev/transcribe/cmd/cli/main.go:44.88,44.88 0 0
github.com/justinclev/transcribe/cmd/cli/main.go:46.10,48.13 2 0
github.com/justinclev/transcribe/cmd/cli/main.go:52.2,53.16 2 0
github.com/justinclev/transcribe/cmd/cli/main.go:53.16,56.3 2 0
github.com/justinclev/transcribe/cmd/cli/main.go:58.2,67.19 6 0
github.com/justinclev/transcribe/cmd/cli/main.go:67.19,70.3 2 0
github.com/justinclev/transcribe/cmd/cli/main.go:71.2,75.16 3 0
github.com/justinclev/transcribe/cmd/cli/main.go:75.16,78.3 2 0
github.com/justinclev/transcribe/cmd/cli/main.go:79.2,79.26 1 0
github.com/justinclev/transcribe/cmd/server/main.go:12.13,14.16 2 0
github.com/justinclev/transcribe/cmd/server/main.go:14.16,16.3 1 0
github.com/justinclev/transcribe/cmd/server/main.go:18.2,21.74 2 0
github.com/justinclev/transcribe/cmd/server/main.go:21.74,24.3 2 0
github.com/justinclev/transcribe/cmd/server/main.go:26.2,38.45 5 0
github.com/justinclev/transcribe/cmd/server/main.go:38.45,41.3 2 0
github.com/justinclev/transcribe/internal/api/api.go:10.41,12.2 1 1
github.com/justinclev/transcribe/internal/api/handlers.go:34.64,38.2 3 1
github.com/justinclev/transcribe/internal/api/handlers.go:54.63,56.61 1 1
github.com/justinclev/transcribe/internal/api/handlers.go:56.61,59.3 2 1
github.com/justinclev/transcribe/internal/api/handlers.go:61.2,62.16 2 1
github.com/justinclev/transcribe/internal/api/handlers.go:62.16,65.3 2 1
github.com/justinclev/transcribe/internal/api/handlers.go:66.2,70.16 3 1
github.com/justinclev/transcribe/internal/api/handlers.go:70.16,73.3 2 0
github.com/justinclev/transcribe/internal/api/handlers.go:74.2,78.16 4 1
github.com/justinclev/transcribe/internal/api/handlers.go:78.16,81.3 2 0
github.com/justinclev/transcribe/internal/api/handlers.go:83.2,83.45 1 1
github.com/justinclev/transcribe/internal/api/handlers.go:83.45,87.3 3 0
github.com/justinclev/transcribe/internal/api/handlers.go:88.2,92.16 3 1
github.com/justinclev/transcribe/internal/api/handlers.go:92.16,96.3 2 1
github.com/justinclev/transcribe/internal/api/handlers.go:99.2,99.58 1 1
github.com/justinclev/transcribe/internal/api/handlers.go:100.68,101.18 1 1
github.com/justinclev/transcribe/internal/api/handlers.go:102.10,103.35 1 1
github.com/justinclev/transcribe/internal/api/handlers.go:104.10,106.9 2 1
github.com/justinclev/transcribe/internal/api/handlers.go:110.2,110.60 1 1
github.com/justinclev/transcribe/internal/api/handlers.go:111.88,112.22 1 1
github.com/justinclev/transcribe/internal/api/handlers.go:113.10,114.43 1 1
github.com/justinclev/transcribe/internal/api/handlers.go:115.10,117.9 2 1
github.com/justinclev/transcribe/internal/api/handlers.go:120.2,123.55 3 1
github.com/justinclev/transcribe/internal/api/handlers.go:123.55,126.3 2 1
github.com/justinclev/transcribe/internal/api/handlers.go:129.2,130.37 2 1
github.com/justinclev/transcribe/internal/api/handlers.go:130.37,133.3 2 0
github.com/justinclev/transcribe/internal/api/handlers.go:135.2,141.88 5 1
github.com/justinclev/transcribe/internal/api/handlers.go:141.88,142.17 1 1
github.com/justinclev/transcribe/internal/api/handlers.go:142.17,144.4 1 0
github.com/justinclev/transcribe/internal/api/handlers.go:145.3,145.16 1 1
github.com/justinclev/transcribe/internal/api/handlers.go:145.16,147.4 1 1
github.com/justinclev/transcribe/internal/api/handlers.go:148.3,149.17 2 1
github.com/justinclev/transcribe/internal/api/handlers.go:149.17,151.4 1 0
github.com/justinclev/transcribe/internal/api/handlers.go:152.3,153.17 2 1
github.com/justinclev/transcribe/internal/api/handlers.go:153.17,155.4 1 0
github.com/justinclev/transcribe/internal/api/handlers.go:156.3,159.17 3 1
github.com/justinclev/transcribe/internal/api/handlers.go:159.17,161.4 1 0
github.com/justinclev/transcribe/internal/api/handlers.go:162.3,163.13 2 1
github.com/justinclev/transcribe/internal/api/handlers.go:165.2,165.20 1 1
github.com/justinclev/transcribe/internal/api/handlers.go:165.20,167.3 1 0
github.com/justinclev/transcribe/internal/generator/aws.go:27.64,43.2 1 1
github.com/justinclev/transcribe/internal/generator/aws.go:46.45,47.11 1 1
github.com/justinclev/transcribe/internal/generator/aws.go:48.58,49.16 1 1
github.com/justinclev/transcribe/internal/generator/aws.go:50.74,51.16 1 1
github.com/justinclev/transcribe/internal/generator/aws.go:52.30,53.16 1 0
github.com/justinclev/transcribe/internal/generator/aws.go:54.27,55.16 1 0
github.com/justinclev/transcribe/internal/generator/aws.go:56.31,57.17 1 1
github.com/justinclev/transcribe/internal/generator/aws.go:58.26,59.16 1 1
github.com/justinclev/transcribe/internal/generator/aws.go:60.30,61.17 1 1
github.com/justinclev/transcribe/internal/generator/aws.go:62.28,63.16 1 1
github.com/justinclev/transcribe/internal/generator/aws.go:64.10,65.16 1 1
github.com/justinclev/transcribe/internal/generator/aws.go:69.42,70.11 1 1
github.com/justinclev/transcribe/internal/generator/aws.go:72.47,73.14 1 1
github.com/justinclev/transcribe/internal/generator/aws.go:75.2,75.14 1 1
github.com/justinclev/transcribe/internal/generator/aws.go:78.45,80.2 1 1
github.com/justinclev/transcribe/internal/generator/aws.go:82.50,82.89 1 1
github.com/justinclev/transcribe/internal/generator/aws.go:83.50,83.84 1 1
github.com/justinclev/transcribe/internal/generator/aws.go:84.50,84.88 1 1
github.com/justinclev/transcribe/internal/generator/aws.go:85.50,85.87 1 1
github.com/justinclev/transcribe/internal/generator/aws.go:86.50,86.86 1 1
github.com/justinclev/transcribe/internal/generator/aws.go:87.50,87.88 1 1
github.com/justinclev/transcribe/internal/generator/aws.go:88.50,88.89 1 1
github.com/justinclev/transcribe/internal/generator/aws.go:90.48,91.11 1 1
github.com/justinclev/transcribe/internal/generator/aws.go:92.26,93.17 1 1
github.com/justinclev/transcribe/internal/generator/aws.go:94.28,95.19 1 0
github.com/justinclev/transcribe/internal/generator/aws.go:96.27,97.22 1 0
github.com/justinclev/transcribe/internal/generator/aws.go:98.30,99.24 1 0
github.com/justinclev/transcribe/internal/generator/aws.go:100.10,101.20 1 1
github.com/justinclev/transcribe/internal/generator/aws.go:105.55,106.11 1 1
github.com/justinclev/transcribe/internal/generator/aws.go:107.26,108.15 1 1
github.com/justinclev/transcribe/internal/generator/aws.go:109.28,110.17 1 0
github.com/justinclev/transcribe/internal/generator/aws.go:111.27,112.14 1 0
github.com/justinclev/transcribe/internal/generator/aws.go:113.30,114.17 1 0
github.com/justinclev/transcribe/internal/generator/aws.go:115.10,116.16 1 1
github.com/justinclev/transcribe/internal/generator/aws.go:120.51,121.11 1 1
github.com/justinclev/transcribe/internal/generator/aws.go:122.74,123.17 1 1
github.com/justinclev/transcribe/internal/generator/aws.go:124.30,125.17 1 0
github.com/justinclev/transcribe/internal/generator/aws.go:126.10,127.22 1 1
github.com/justinclev/transcribe/internal/generator/aws.go:131.51,132.35 1 1
github.com/justinclev/transcribe/internal/generator/aws.go:132.35,134.3 1 1
github.com/justinclev/transcribe/internal/generator/aws.go:135.2,135.28 1 1
github.com/justinclev/transcribe/internal/generator/aws.go:138.58,139.35 1 1
github.com/justinclev/transcribe/internal/generator/aws.go:139.35,141.3 1 1
github.com/justinclev/transcribe/internal/generator/aws.go:142.2,142.15 1 1
github.com/justinclev/transcribe/internal/generator/aws.go:147.39,148.21 1 1
github.com/justinclev/transcribe/internal/generator/aws.go:148.21,150.3 1 0
github.com/justinclev/transcribe/internal/generator/aws.go:151.2,152.44 2 1
github.com/justinclev/transcribe/internal/generator/aws.go:152.44,154.3 1 1
github.com/justinclev/transcribe/internal/generator/aws.go:155.2,155.10 1 0
github.com/justinclev/transcribe/internal/generator/aws.go:159.27,159.59 1 1
github.com/justinclev/transcribe/internal/generator/aws.go:163.30,163.52 1 1
github.com/justinclev/transcribe/internal/generator/azure.go:12.66,18.2 1 1
github.com/justinclev/transcribe/internal/generator/cdk.go:13.64,20.2 1 1
github.com/justinclev/transcribe/internal/generator/gcp.go:12.64,18.2 1 1
github.com/justinclev/transcribe/internal/generator/generator.go:23.61,24.23 1 1
github.com/justinclev/transcribe/internal/generator/generator.go:24.23,26.3 1 1
github.com/justinclev/transcribe/internal/generator/generator.go:27.2,27.27 1 1
github.com/justinclev/transcribe/internal/generator/generator.go:27.27,29.3 1 1
github.com/justinclev/transcribe/internal/generator/generator.go:32.2,32.42 1 1
github.com/justinclev/transcribe/internal/generator/generator.go:32.42,34.3 1 1
github.com/justinclev/transcribe/internal/generator/generator.go:37.2,37.41 1 1
github.com/justinclev/transcribe/internal/generator/generator.go:37.41,38.40 1 1
github.com/justinclev/transcribe/internal/generator/generator.go:38.40,40.4 1 1
github.com/justinclev/transcribe/internal/generator/generator.go:41.3,41.36 1 1
github.com/justinclev/transcribe/internal/generator/generator.go:45.2,60.9 5 1
github.com/justinclev/transcribe/internal/generator/generator.go:60.9,62.3 1 1
github.com/justinclev/transcribe/internal/generator/generator.go:63.2,63.26 1 1
github.com/justinclev/transcribe/internal/generator/generator.go:68.55,74.34 1 1
github.com/justinclev/transcribe/internal/generator/generator.go:74.34,76.5 1 1
github.com/justinclev/transcribe/internal/generator/generator.go:79.37,81.20 2 1
github.com/justinclev/transcribe/internal/generator/generator.go:81.20,83.6 1 0
github.com/justinclev/transcribe/internal/generator/generator.go:84.5,84.37 1 1
github.com/justinclev/transcribe/internal/generator/generator.go:108.2,108.16 1 1
github.com/justinclev/transcribe/internal/generator/generator.go:108.16,110.3 1 0
github.com/justinclev/transcribe/internal/generator/generator.go:112.2,113.16 2 1
github.com/justinclev/transcribe/internal/generator/generator.go:113.16,115.68 1 1
github.com/justinclev/transcribe/internal/generator/generator.go:115.68,117.4 1 0
github.com/justinclev/transcribe/internal/generator/generator.go:118.3,119.17 2 1
github.com/justinclev/transcribe/internal/generator/generator.go:119.17,121.4 1 1
github.com/justinclev/transcribe/internal/generator/generator.go:123.2,125.27 2 1
github.com/justinclev/transcribe/internal/generator/generator.go:129.88,130.54 1 1
github.com/justinclev/transcribe/internal/generator/generator.go:130.54,132.3 1 1
github.com/justinclev/transcribe/internal/generator/generator.go:133.2,133.26 1 1
github.com/justinclev/transcribe/internal/generator/generator.go:133.26,134.84 1 1
github.com/justinclev/transcribe/internal/generator/generator.go:134.84,136.4 1 1
github.com/justinclev/transcribe/internal/generator/generator.go:138.2,138.12 1 1
github.com/justinclev/transcribe/internal/generator/helm.go:18.65,25.2 1 1
github.com/justinclev/transcribe/internal/generator/pulumi.go:15.70,21.2 1 1
github.com/justinclev/transcribe/internal/generator/pulumi.go:23.72,29.2 1 1
github.com/justinclev/transcribe/internal/generator/pulumi.go:31.70,37.2 1 1
