mode: set
github.com/justinclev/transcribe/internal/generator/azure/azure.go:16.61,22.2 1 1
github.com/justinclev/transcribe/internal/generator/gcp/gcp.go:16.61,22.2 1 1
github.com/justinclev/transcribe/internal/hardener/hardener.go:16.35,17.19 1 1
github.com/justinclev/transcribe/internal/hardener/hardener.go:17.19,19.3 1 1
github.com/justinclev/transcribe/internal/hardener/hardener.go:21.2,25.22 4 1
github.com/justinclev/transcribe/internal/hardener/hardener.go:34.55,36.64 1 1
github.com/justinclev/transcribe/internal/hardener/hardener.go:36.64,38.3 1 1
github.com/justinclev/transcribe/internal/hardener/hardener.go:40.2,40.45 1 1
github.com/justinclev/transcribe/internal/hardener/hardener.go:40.45,42.3 1 1
github.com/justinclev/transcribe/internal/hardener/hardener.go:44.2,49.4 2 1
github.com/justinclev/transcribe/internal/hardener/hardener.go:58.54,59.34 1 1
github.com/justinclev/transcribe/internal/hardener/hardener.go:59.34,60.25 1 1
github.com/justinclev/transcribe/internal/hardener/hardener.go:60.25,67.4 3 1
github.com/justinclev/transcribe/internal/hardener/hardener.go:77.53,78.29 1 1
github.com/justinclev/transcribe/internal/hardener/hardener.go:78.29,87.3 3 1
github.com/justinclev/transcribe/internal/generator/helm/helm.go:17.61,24.2 1 1
github.com/justinclev/transcribe/internal/generator/pulumi/pulumi.go:20.61,21.21 1 1
github.com/justinclev/transcribe/internal/generator/pulumi/pulumi.go:22.26,23.36 1 1
github.com/justinclev/transcribe/internal/generator/pulumi/pulumi.go:24.28,25.38 1 1
github.com/justinclev/transcribe/internal/generator/pulumi/pulumi.go:26.26,27.36 1 1
github.com/justinclev/transcribe/internal/generator/pulumi/pulumi.go:28.10,29.68 1 1
github.com/justinclev/transcribe/internal/generator/pulumi/pulumi.go:33.64,39.2 1 1
github.com/justinclev/transcribe/internal/generator/pulumi/pulumi.go:41.36,43.44 1 1
github.com/justinclev/transcribe/internal/generator/pulumi/pulumi.go:43.44,44.23 1 1
github.com/justinclev/transcribe/internal/generator/pulumi/pulumi.go:44.23,46.5 1 1
github.com/justinclev/transcribe/internal/generator/pulumi/pulumi.go:47.4,48.46 2 1
github.com/justinclev/transcribe/internal/generator/pulumi/pulumi.go:48.46,50.5 1 1
github.com/justinclev/transcribe/internal/generator/pulumi/pulumi.go:51.4,51.12 1 0
github.com/justinclev/transcribe/internal/generator/pulumi/pulumi.go:56.66,62.2 1 1
github.com/justinclev/transcribe/internal/generator/pulumi/pulumi.go:64.64,70.2 1 1
github.com/justinclev/transcribe/internal/generator/cdk/cdk.go:20.61,27.2 1 1
github.com/justinclev/transcribe/internal/generator/cdk/cdk.go:29.36,31.44 1 1
github.com/justinclev/transcribe/internal/generator/cdk/cdk.go:31.44,32.23 1 1
github.com/justinclev/transcribe/internal/generator/cdk/cdk.go:32.23,34.5 1 1
github.com/justinclev/transcribe/internal/generator/cdk/cdk.go:35.4,36.46 2 1
github.com/justinclev/transcribe/internal/generator/cdk/cdk.go:36.46,38.5 1 1
github.com/justinclev/transcribe/internal/generator/cdk/cdk.go:39.4,39.12 1 1
github.com/justinclev/transcribe/internal/generator/render/render.go:19.79,21.26 2 1
github.com/justinclev/transcribe/internal/generator/render/render.go:21.26,23.3 1 1
github.com/justinclev/transcribe/internal/generator/render/render.go:25.2,29.16 2 1
github.com/justinclev/transcribe/internal/generator/render/render.go:29.16,31.3 1 1
github.com/justinclev/transcribe/internal/generator/render/render.go:33.2,34.16 2 1
github.com/justinclev/transcribe/internal/generator/render/render.go:34.16,36.68 1 1
github.com/justinclev/transcribe/internal/generator/render/render.go:36.68,38.4 1 0
github.com/justinclev/transcribe/internal/generator/render/render.go:39.3,40.17 2 1
github.com/justinclev/transcribe/internal/generator/render/render.go:40.17,42.4 1 0
github.com/justinclev/transcribe/internal/generator/render/render.go:44.2,46.27 2 1
github.com/justinclev/transcribe/internal/generator/render/render.go:50.112,51.54 1 1
github.com/justinclev/transcribe/internal/generator/render/render.go:51.54,53.3 1 0
github.com/justinclev/transcribe/internal/generator/render/render.go:54.2,54.26 1 1
github.com/justinclev/transcribe/internal/generator/render/render.go:54.26,55.91 1 1
github.com/justinclev/transcribe/internal/generator/render/render.go:55.91,57.4 1 1
github.com/justinclev/transcribe/internal/generator/render/render.go:59.2,59.12 1 1
github.com/justinclev/transcribe/internal/generator/render/render.go:63.37,67.33 1 1
github.com/justinclev/transcribe/internal/generator/render/render.go:67.33,69.4 1 1
github.com/justinclev/transcribe/internal/generator/render/render.go:72.36,74.19 2 1
github.com/justinclev/transcribe/internal/generator/render/render.go:74.19,76.5 1 1
github.com/justinclev/transcribe/internal/generator/render/render.go:77.4,77.36 1 1
github.com/justinclev/transcribe/internal/parser/config.go:65.65,66.22 1 1
github.com/justinclev/transcribe/internal/parser/config.go:66.22,68.3 1 1
github.com/justinclev/transcribe/internal/parser/config.go:70.2,71.16 2 1
github.com/justinclev/transcribe/internal/parser/config.go:71.16,72.25 1 1
github.com/justinclev/transcribe/internal/parser/config.go:72.25,74.4 1 1
github.com/justinclev/transcribe/internal/parser/config.go:75.3,75.63 1 0
github.com/justinclev/transcribe/internal/parser/config.go:78.2,79.51 2 1
github.com/justinclev/transcribe/internal/parser/config.go:79.51,81.3 1 1
github.com/justinclev/transcribe/internal/parser/config.go:83.2,84.12 2 1
github.com/justinclev/transcribe/internal/parser/config.go:88.63,89.20 1 1
github.com/justinclev/transcribe/internal/parser/config.go:89.20,91.3 1 1
github.com/justinclev/transcribe/internal/parser/config.go:92.2,92.22 1 1
github.com/justinclev/transcribe/internal/parser/config.go:92.22,94.3 1 1
github.com/justinclev/transcribe/internal/parser/config.go:95.2,95.23 1 1
github.com/justinclev/transcribe/internal/parser/config.go:95.23,97.3 1 1
github.com/justinclev/transcribe/internal/parser/config.go:98.2,98.22 1 1
github.com/justinclev/transcribe/internal/parser/config.go:98.22,100.3 1 0
github.com/justinclev/transcribe/internal/parser/config.go:103.2,103.31 1 1
github.com/justinclev/transcribe/internal/parser/config.go:103.31,106.3 2 1
github.com/justinclev/transcribe/internal/parser/config.go:107.2,107.38 1 1
github.com/justinclev/transcribe/internal/parser/config.go:107.38,109.3 1 1
github.com/justinclev/transcribe/internal/parser/config.go:112.2,112.29 1 1
github.com/justinclev/transcribe/internal/parser/config.go:112.29,115.10 3 1
github.com/justinclev/transcribe/internal/parser/config.go:115.10,116.12 1 1
github.com/justinclev/transcribe/internal/parser/config.go:118.3,118.23 1 1
github.com/justinclev/transcribe/internal/parser/config.go:118.23,120.4 1 1
github.com/justinclev/transcribe/internal/parser/config.go:121.3,121.26 1 1
github.com/justinclev/transcribe/internal/parser/config.go:121.26,123.4 1 1
github.com/justinclev/transcribe/internal/parser/config.go:124.3,124.28 1 1
github.com/justinclev/transcribe/internal/parser/config.go:124.28,126.4 1 1
github.com/justinclev/transcribe/internal/parser/config.go:127.3,127.28 1 1
github.com/justinclev/transcribe/internal/parser/config.go:127.28,129.4 1 1
github.com/justinclev/transcribe/internal/parser/config.go:130.3,130.37 1 1
github.com/justinclev/transcribe/internal/parser/config.go:130.37,132.4 1 0
github.com/justinclev/transcribe/internal/parser/parser.go:24.56,26.16 2 1
github.com/justinclev/transcribe/internal/parser/parser.go:26.16,28.3 1 1
github.com/justinclev/transcribe/internal/parser/parser.go:30.2,31.16 2 1
github.com/justinclev/transcribe/internal/parser/parser.go:31.16,33.3 1 1
github.com/justinclev/transcribe/internal/parser/parser.go:35.2,36.16 2 1
github.com/justinclev/transcribe/internal/parser/parser.go:36.16,38.3 1 1
github.com/justinclev/transcribe/internal/parser/parser.go:41.2,43.28 2 1
github.com/justinclev/transcribe/internal/parser/parser.go:62.49,64.53 2 1
github.com/justinclev/transcribe/internal/parser/parser.go:64.53,66.3 1 1
github.com/justinclev/transcribe/internal/parser/parser.go:69.2,69.25 1 1
github.com/justinclev/transcribe/internal/parser/parser.go:69.25,71.3 1 1
github.com/justinclev/transcribe/internal/parser/parser.go:72.2,72.27 1 1
github.com/justinclev/transcribe/internal/parser/parser.go:75.62,76.9 1 1
github.com/justinclev/transcribe/internal/parser/parser.go:77.39,78.26 1 1
github.com/justinclev/transcribe/internal/parser/parser.go:79.10,80.76 1 1
github.com/justinclev/transcribe/internal/parser/parser.go:102.79,104.50 2 1
github.com/justinclev/transcribe/internal/parser/parser.go:104.50,106.3 1 1
github.com/justinclev/transcribe/internal/parser/parser.go:108.2,116.40 2 1
github.com/justinclev/transcribe/internal/parser/parser.go:116.40,118.69 1 1
github.com/justinclev/transcribe/internal/parser/parser.go:118.69,119.47 1 1
github.com/justinclev/transcribe/internal/parser/parser.go:119.47,124.5 1 1
github.com/justinclev/transcribe/internal/parser/parser.go:126.4,126.12 1 1
github.com/justinclev/transcribe/internal/parser/parser.go:129.3,139.5 1 1
github.com/justinclev/transcribe/internal/parser/parser.go:142.2,142.16 1 1
github.com/justinclev/transcribe/internal/parser/parser.go:184.55,188.39 3 1
github.com/justinclev/transcribe/internal/parser/parser.go:188.39,189.44 1 1
github.com/justinclev/transcribe/internal/parser/parser.go:189.44,191.4 1 1
github.com/justinclev/transcribe/internal/parser/parser.go:193.2,193.26 1 1
github.com/justinclev/transcribe/internal/parser/parser.go:207.60,209.20 2 1
github.com/justinclev/transcribe/internal/parser/parser.go:210.24,211.48 1 1
github.com/justinclev/transcribe/internal/parser/parser.go:211.48,213.4 1 1
github.com/justinclev/transcribe/internal/parser/parser.go:214.25,215.38 1 1
github.com/justinclev/transcribe/internal/parser/parser.go:215.38,217.23 2 1
github.com/justinclev/transcribe/internal/parser/parser.go:217.23,219.5 1 1
github.com/justinclev/transcribe/internal/parser/parser.go:219.10,221.5 1 1
github.com/justinclev/transcribe/internal/parser/parser.go:223.10,224.79 1 1
github.com/justinclev/transcribe/internal/parser/parser.go:226.2,226.12 1 1
github.com/justinclev/transcribe/internal/generator/aws/aws.go:34.61,54.2 1 1
github.com/justinclev/transcribe/internal/generator/aws/aws.go:57.33,79.2 1 1
github.com/justinclev/transcribe/internal/generator/aws/aws.go:86.45,87.11 1 1
github.com/justinclev/transcribe/internal/generator/aws/aws.go:88.58,89.16 1 1
github.com/justinclev/transcribe/internal/generator/aws/aws.go:90.74,91.16 1 1
github.com/justinclev/transcribe/internal/generator/aws/aws.go:92.30,93.16 1 1
github.com/justinclev/transcribe/internal/generator/aws/aws.go:94.27,95.16 1 1
github.com/justinclev/transcribe/internal/generator/aws/aws.go:96.31,97.17 1 1
github.com/justinclev/transcribe/internal/generator/aws/aws.go:98.26,99.16 1 1
github.com/justinclev/transcribe/internal/generator/aws/aws.go:100.30,101.17 1 1
github.com/justinclev/transcribe/internal/generator/aws/aws.go:102.28,103.16 1 1
github.com/justinclev/transcribe/internal/generator/aws/aws.go:104.10,105.16 1 1
github.com/justinclev/transcribe/internal/generator/aws/aws.go:109.42,110.11 1 1
github.com/justinclev/transcribe/internal/generator/aws/aws.go:112.47,113.14 1 1
github.com/justinclev/transcribe/internal/generator/aws/aws.go:115.2,115.14 1 1
github.com/justinclev/transcribe/internal/generator/aws/aws.go:118.45,120.2 1 1
github.com/justinclev/transcribe/internal/generator/aws/aws.go:122.49,122.88 1 1
github.com/justinclev/transcribe/internal/generator/aws/aws.go:123.49,123.83 1 1
github.com/justinclev/transcribe/internal/generator/aws/aws.go:124.49,124.87 1 1
github.com/justinclev/transcribe/internal/generator/aws/aws.go:125.49,125.86 1 1
github.com/justinclev/transcribe/internal/generator/aws/aws.go:126.49,126.85 1 1
github.com/justinclev/transcribe/internal/generator/aws/aws.go:127.49,127.87 1 1
github.com/justinclev/transcribe/internal/generator/aws/aws.go:128.49,128.88 1 1
github.com/justinclev/transcribe/internal/generator/aws/aws.go:130.48,131.11 1 1
github.com/justinclev/transcribe/internal/generator/aws/aws.go:132.26,133.17 1 1
github.com/justinclev/transcribe/internal/generator/aws/aws.go:134.28,135.19 1 1
github.com/justinclev/transcribe/internal/generator/aws/aws.go:136.27,137.22 1 1
github.com/justinclev/transcribe/internal/generator/aws/aws.go:138.30,139.24 1 1
github.com/justinclev/transcribe/internal/generator/aws/aws.go:140.10,141.20 1 1
github.com/justinclev/transcribe/internal/generator/aws/aws.go:145.55,146.11 1 1
github.com/justinclev/transcribe/internal/generator/aws/aws.go:147.26,148.15 1 1
github.com/justinclev/transcribe/internal/generator/aws/aws.go:149.28,150.17 1 1
github.com/justinclev/transcribe/internal/generator/aws/aws.go:151.27,152.14 1 1
github.com/justinclev/transcribe/internal/generator/aws/aws.go:153.30,154.17 1 1
github.com/justinclev/transcribe/internal/generator/aws/aws.go:155.10,156.16 1 1
github.com/justinclev/transcribe/internal/generator/aws/aws.go:160.51,161.11 1 1
github.com/justinclev/transcribe/internal/generator/aws/aws.go:162.74,163.17 1 1
github.com/justinclev/transcribe/internal/generator/aws/aws.go:164.30,165.17 1 1
github.com/justinclev/transcribe/internal/generator/aws/aws.go:166.10,167.22 1 1
github.com/justinclev/transcribe/internal/generator/aws/aws.go:171.51,172.35 1 1
github.com/justinclev/transcribe/internal/generator/aws/aws.go:172.35,174.3 1 1
github.com/justinclev/transcribe/internal/generator/aws/aws.go:175.2,175.28 1 1
github.com/justinclev/transcribe/internal/generator/aws/aws.go:178.58,179.35 1 1
github.com/justinclev/transcribe/internal/generator/aws/aws.go:179.35,181.3 1 1
github.com/justinclev/transcribe/internal/generator/aws/aws.go:182.2,182.15 1 1
github.com/justinclev/transcribe/internal/generator/aws/aws.go:191.39,192.21 1 1
github.com/justinclev/transcribe/internal/generator/aws/aws.go:192.21,194.3 1 1
github.com/justinclev/transcribe/internal/generator/aws/aws.go:195.2,196.44 2 1
github.com/justinclev/transcribe/internal/generator/aws/aws.go:196.44,198.3 1 1
github.com/justinclev/transcribe/internal/generator/aws/aws.go:199.2,199.10 1 1
github.com/justinclev/transcribe/internal/generator/aws/aws.go:203.27,203.59 1 1
github.com/justinclev/transcribe/internal/generator/aws/aws.go:207.30,207.52 1 1
github.com/justinclev/transcribe/internal/generator/aws/aws.go:212.39,214.133 2 1
github.com/justinclev/transcribe/internal/generator/aws/aws.go:214.133,215.34 1 1
github.com/justinclev/transcribe/internal/generator/aws/aws.go:215.34,217.4 1 1
github.com/justinclev/transcribe/internal/generator/aws/aws.go:219.2,219.14 1 1
github.com/justinclev/transcribe/internal/api/api.go:10.41,12.2 1 1
github.com/justinclev/transcribe/internal/api/handlers.go:34.64,38.2 3 1
github.com/justinclev/transcribe/internal/api/handlers.go:54.63,56.61 1 1
github.com/justinclev/transcribe/internal/api/handlers.go:56.61,59.3 2 1
github.com/justinclev/transcribe/internal/api/handlers.go:61.2,62.16 2 1
github.com/justinclev/transcribe/internal/api/handlers.go:62.16,65.3 2 1
github.com/justinclev/transcribe/internal/api/handlers.go:66.2,70.16 3 1
github.com/justinclev/transcribe/internal/api/handlers.go:70.16,73.3 2 0
github.com/justinclev/transcribe/internal/api/handlers.go:74.2,78.16 4 1
github.com/justinclev/transcribe/internal/api/handlers.go:78.16,81.3 2 0
github.com/justinclev/transcribe/internal/api/handlers.go:83.2,83.45 1 1
github.com/justinclev/transcribe/internal/api/handlers.go:83.45,87.3 3 0
github.com/justinclev/transcribe/internal/api/handlers.go:88.2,92.66 3 1
github.com/justinclev/transcribe/internal/api/handlers.go:92.66,96.26 4 1
github.com/justinclev/transcribe/internal/api/handlers.go:96.26,99.4 2 0
github.com/justinclev/transcribe/internal/api/handlers.go:100.3,100.70 1 1
github.com/justinclev/transcribe/internal/api/handlers.go:100.70,104.4 3 0
github.com/justinclev/transcribe/internal/api/handlers.go:105.3,105.17 1 1
github.com/justinclev/transcribe/internal/api/handlers.go:109.2,110.16 2 1
github.com/justinclev/transcribe/internal/api/handlers.go:110.16,114.3 2 1
github.com/justinclev/transcribe/internal/api/handlers.go:116.2,116.22 1 1
github.com/justinclev/transcribe/internal/api/handlers.go:116.22,117.70 1 1
github.com/justinclev/transcribe/internal/api/handlers.go:117.70,120.4 2 1
github.com/justinclev/transcribe/internal/api/handlers.go:123.2,123.45 1 1
github.com/justinclev/transcribe/internal/api/handlers.go:123.45,126.3 2 1
github.com/justinclev/transcribe/internal/api/handlers.go:128.2,131.55 3 1
github.com/justinclev/transcribe/internal/api/handlers.go:131.55,134.3 2 1
github.com/justinclev/transcribe/internal/api/handlers.go:137.2,137.53 1 1
github.com/justinclev/transcribe/internal/api/handlers.go:137.53,139.3 1 0
github.com/justinclev/transcribe/internal/api/handlers.go:143.68,145.37 2 1
github.com/justinclev/transcribe/internal/api/handlers.go:145.37,147.3 1 0
github.com/justinclev/transcribe/internal/api/handlers.go:149.2,155.97 5 1
github.com/justinclev/transcribe/internal/api/handlers.go:155.97,156.23 1 1
github.com/justinclev/transcribe/internal/api/handlers.go:156.23,158.4 1 0
github.com/justinclev/transcribe/internal/api/handlers.go:159.3,159.16 1 1
github.com/justinclev/transcribe/internal/api/handlers.go:159.16,161.4 1 1
github.com/justinclev/transcribe/internal/api/handlers.go:162.3,163.20 2 1
github.com/justinclev/transcribe/internal/api/handlers.go:163.20,165.4 1 0
github.com/justinclev/transcribe/internal/api/handlers.go:166.3,167.21 2 1
github.com/justinclev/transcribe/internal/api/handlers.go:167.21,169.4 1 0
github.com/justinclev/transcribe/internal/api/handlers.go:170.3,173.23 3 1
github.com/justinclev/transcribe/internal/api/handlers.go:173.23,175.4 1 0
github.com/justinclev/transcribe/internal/api/handlers.go:176.3,177.17 2 1
github.com/justinclev/transcribe/internal/api/handlers.go:178.21,180.3 1 0
github.com/justinclev/transcribe/internal/api/handlers.go:181.2,181.12 1 1
github.com/justinclev/transcribe/internal/api/handlers.go:185.65,187.58 1 1
github.com/justinclev/transcribe/internal/api/handlers.go:188.68,189.18 1 1
github.com/justinclev/transcribe/internal/api/handlers.go:190.10,191.35 1 1
github.com/justinclev/transcribe/internal/api/handlers.go:192.10,193.74 1 1
github.com/justinclev/transcribe/internal/api/handlers.go:197.2,197.60 1 1
github.com/justinclev/transcribe/internal/api/handlers.go:198.88,199.22 1 1
github.com/justinclev/transcribe/internal/api/handlers.go:200.10,201.43 1 1
github.com/justinclev/transcribe/internal/api/handlers.go:202.10,203.85 1 1
github.com/justinclev/transcribe/internal/api/handlers.go:205.2,205.12 1 1
github.com/justinclev/transcribe/internal/generator/generator.go:22.61,23.23 1 1
github.com/justinclev/transcribe/internal/generator/generator.go:23.23,25.3 1 1
github.com/justinclev/transcribe/internal/generator/generator.go:26.2,26.27 1 1
github.com/justinclev/transcribe/internal/generator/generator.go:26.27,28.3 1 1
github.com/justinclev/transcribe/internal/generator/generator.go:31.2,31.46 1 1
github.com/justinclev/transcribe/internal/generator/generator.go:31.46,33.3 1 0
github.com/justinclev/transcribe/internal/generator/generator.go:36.2,36.42 1 1
github.com/justinclev/transcribe/internal/generator/generator.go:36.42,38.3 1 1
github.com/justinclev/transcribe/internal/generator/generator.go:41.2,41.41 1 1
github.com/justinclev/transcribe/internal/generator/generator.go:41.41,42.40 1 1
github.com/justinclev/transcribe/internal/generator/generator.go:42.40,44.4 1 1
github.com/justinclev/transcribe/internal/generator/generator.go:45.3,45.40 1 1
github.com/justinclev/transcribe/internal/generator/generator.go:49.2,49.44 1 1
github.com/justinclev/transcribe/internal/generator/generator.go:49.44,51.3 1 1
github.com/justinclev/transcribe/internal/generator/generator.go:54.2,61.9 3 1
github.com/justinclev/transcribe/internal/generator/generator.go:61.9,63.3 1 1
github.com/justinclev/transcribe/internal/generator/generator.go:64.2,64.26 1 1
github.com/justinclev/transcribe/internal/generator/validator.go:11.52,12.34 1 1
github.com/justinclev/transcribe/internal/generator/validator.go:12.34,13.78 1 1
github.com/justinclev/transcribe/internal/generator/validator.go:13.78,15.4 1 0
github.com/justinclev/transcribe/internal/generator/validator.go:17.2,17.12 1 1
github.com/justinclev/transcribe/internal/generator/validator.go:22.71,32.19 3 1
github.com/justinclev/transcribe/internal/generator/validator.go:32.19,37.3 1 0
github.com/justinclev/transcribe/internal/generator/validator.go:39.2,39.32 1 1
github.com/justinclev/transcribe/internal/generator/validator.go:39.32,40.18 1 1
github.com/justinclev/transcribe/internal/generator/validator.go:40.18,42.4 1 1
github.com/justinclev/transcribe/internal/generator/validator.go:45.2,48.3 1 0
github.com/justinclev/transcribe/cmd/cli/main.go:14.13,16.22 2 0
github.com/justinclev/transcribe/cmd/cli/main.go:16.22,21.3 4 0
github.com/justinclev/transcribe/cmd/cli/main.go:22.2,24.21 2 0
github.com/justinclev/transcribe/cmd/cli/main.go:24.21,28.3 3 0
github.com/justinclev/transcribe/cmd/cli/main.go:31.2,32.16 2 0
github.com/justinclev/transcribe/cmd/cli/main.go:32.16,35.3 2 0
github.com/justinclev/transcribe/cmd/cli/main.go:38.2,42.58 3 0
github.com/justinclev/transcribe/cmd/cli/main.go:42.58,45.3 2 0
github.com/justinclev/transcribe/cmd/cli/main.go:46.2,50.16 3 0
github.com/justinclev/transcribe/cmd/cli/main.go:50.16,53.3 2 0
github.com/justinclev/transcribe/cmd/cli/main.go:54.2,54.26 1 0
github.com/justinclev/transcribe/cmd/server/main.go:11.13,13.16 2 0
github.com/justinclev/transcribe/cmd/server/main.go:13.16,15.3 1 0
github.com/justinclev/transcribe/cmd/server/main.go:17.2,20.74 2 0
github.com/justinclev/transcribe/cmd/server/main.go:20.74,23.3 2 0
github.com/justinclev/transcribe/cmd/server/main.go:25.2,29.55 4 0
github.com/justinclev/transcribe/cmd/server/main.go:29.55,32.3 2 0
